#
# There is insufficient memory for the Java Runtime Environment to continue.
# Native memory allocation (mmap) failed to map 264241152 bytes for G1 virtual space
# Possible reasons:
#   The system is out of physical RAM or swap space
#   The process is running with CompressedOops enabled, and the Java Heap may be blocking the growth of the native heap
# Possible solutions:
#   Reduce memory load on the system
#   Increase physical memory or swap space
#   Check if swap backing store is full
#   Decrease Java heap size (-Xmx/-Xms)
#   Decrease number of Java threads
#   Decrease Java thread stack sizes (-Xss)
#   Set larger code cache with -XX:ReservedCodeCacheSize=
#   JVM is running with Zero Based Compressed Oops mode in which the Java heap is
#     placed in the first 32GB address space. The Java Heap base address is the
#     maximum limit for the native heap growth. Please use -XX:HeapBaseMinAddress
#     to set the Java Heap base and to place the Java Heap above 32GB virtual address.
# This output file may be truncated or incomplete.
#
#  Out of Memory Error (os_windows.cpp:3528), pid=37200, tid=39680
#
# JRE version:  (20.0.2+9) (build )
# Java VM: Java HotSpot(TM) 64-Bit Server VM (20.0.2+9-78, mixed mode, sharing, tiered, compressed oops, compressed class ptrs, g1 gc, windows-amd64)
# No core dump will be written. Minidumps are not enabled by default on client versions of Windows
#

---------------  S U M M A R Y ------------

Command Line: -Dfile.encoding=UTF-8 --module-path=C:\Users\HP\Documents\NetBeansProjects\TravelSphere\build\classes travelsphere.Home

Host: 12th Gen Intel(R) Core(TM) i5-1235U, 12 cores, 15G,  Windows 11 , 64 bit Build 22621 (10.0.22621.3527)
Time: Fri May  3 04:58:24 2024 India Standard Time elapsed time: 0.013409 seconds (0d 0h 0m 0s)

---------------  T H R E A D  ---------------

Current thread (0x0000019d61a1d810):  JavaThread "Unknown thread" [_thread_in_vm, id=39680, stack(0x0000007c5ec00000,0x0000007c5ed00000)]

Stack: [0x0000007c5ec00000,0x0000007c5ed00000]
Native frames: (J=compiled Java code, j=interpreted, Vv=VM code, C=native code)
V  [jvm.dll+0x6bc25a]
V  [jvm.dll+0x84971a]
V  [jvm.dll+0x84b315]
V  [jvm.dll+0x84ba13]
V  [jvm.dll+0x280e4f]
V  [jvm.dll+0x6b8fe9]
V  [jvm.dll+0x6adbca]
V  [jvm.dll+0x35b165]
V  [jvm.dll+0x363386]
V  [jvm.dll+0x3b400e]
V  [jvm.dll+0x3b4295]
V  [jvm.dll+0x32b86a]
V  [jvm.dll+0x32c68b]
V  [jvm.dll+0x8123df]
V  [jvm.dll+0x3c1261]
V  [jvm.dll+0x7fe103]
V  [jvm.dll+0x44ccaf]
V  [jvm.dll+0x44e621]
C  [jli.dll+0x5287]
C  [ucrtbase.dll+0x29333]
C  [KERNEL32.DLL+0x1257d]
C  [ntdll.dll+0x5aa48]


---------------  P R O C E S S  ---------------

Threads class SMR info:
_java_thread_list=0x00007ff80dfcb118, length=0, elements={
}

Java Threads: ( => current thread )

Other Threads:
  0x0000019d61a914d0 WorkerThread "GC Thread#0" [stack: 0x0000007c5ed00000,0x0000007c5ee00000] [id=38952]
  0x0000019d61aa1fd0 ConcurrentGCThread "G1 Main Marker" [stack: 0x0000007c5ee00000,0x0000007c5ef00000] [id=39352]
  0x0000019d61aa30a0 WorkerThread "G1 Conc#0" [stack: 0x0000007c5ef00000,0x0000007c5f000000] [id=38944]

[error occurred during error reporting (printing all threads), id 0xc0000005, EXCEPTION_ACCESS_VIOLATION (0xc0000005) at pc=0x00007ff80d7aeea7]
VM state: not at safepoint (not fully initialized)

VM Mutex/Monitor currently owned by a thread:  ([mutex/lock_event])
[0x0000019d61a1a350] Heap_lock - owner thread: 0x0000019d61a1d810

Heap address: 0x0000000705200000, size: 4014 MB, Compressed Oops mode: Zero based, Oop shift amount: 3

CDS archive(s) mapped at: [0x0000000000000000-0x0000000000000000-0x0000000000000000), size 0, SharedBaseAddress: 0x0000000800000000, ArchiveRelocationMode: 1.
Narrow klass base: 0x0000000000000000, Narrow klass shift: 0, Narrow klass range: 0x0

GC Precious Log:
 CardTable entry size: 512
 Card Set container configuration: InlinePtr #cards 4 size 8 Array Of Cards #cards 16 size 48 Howl #buckets 8 coarsen threshold 3686 Howl Bitmap #cards 512 size 80 coarsen threshold 460 Card regions per heap region 1 cards per card region 4096

Heap:
 garbage-first heap   total 0K, used 0K [0x0000000705200000, 0x0000000800000000)
  region size 2048K, 0 young (0K), 0 survivors (0K)

[error occurred during error reporting (printing heap information), id 0xc0000005, EXCEPTION_ACCESS_VIOLATION (0xc0000005) at pc=0x00007ff80db847b9]
GC Heap History (0 events):
No events

Dll operation events (1 events):
Event: 0.009 Loaded shared library C:\Program Files\Java\jdk-20\bin\java.dll

Deoptimization events (0 events):
No events

Classes loaded (0 events):
No events

Classes unloaded (0 events):
No events

Classes redefined (0 events):
No events

Internal exceptions (0 events):
No events

VM Operations (0 events):
No events

Events (0 events):
No events


Dynamic libraries:
0x00007ff7275d0000 - 0x00007ff7275e0000 	C:\Program Files\Java\jdk-20\bin\java.exe
0x00007ff8838f0000 - 0x00007ff883b07000 	C:\windows\SYSTEM32\ntdll.dll
0x00007ff881780000 - 0x00007ff881844000 	C:\windows\System32\KERNEL32.DLL
0x00007ff881100000 - 0x00007ff8814a7000 	C:\windows\System32\KERNELBASE.dll
0x00007ff880c10000 - 0x00007ff880d21000 	C:\windows\System32\ucrtbase.dll
0x00007ff86e2a0000 - 0x00007ff86e2b9000 	C:\Program Files\Java\jdk-20\bin\jli.dll
0x00007ff882120000 - 0x00007ff8821d2000 	C:\windows\System32\ADVAPI32.dll
0x00007ff881e30000 - 0x00007ff881ed7000 	C:\windows\System32\msvcrt.dll
0x00007ff8816d0000 - 0x00007ff881778000 	C:\windows\System32\sechost.dll
0x00007ff872500000 - 0x00007ff87251b000 	C:\Program Files\Java\jdk-20\bin\VCRUNTIME140.dll
0x00007ff880fa0000 - 0x00007ff880fc8000 	C:\windows\System32\bcrypt.dll
0x00007ff881850000 - 0x00007ff881965000 	C:\windows\System32\RPCRT4.dll
0x00007ff882a60000 - 0x00007ff882c0e000 	C:\windows\System32\USER32.dll
0x00007ff880d30000 - 0x00007ff880d56000 	C:\windows\System32\win32u.dll
0x00007ff8832c0000 - 0x00007ff8832e9000 	C:\windows\System32\GDI32.dll
0x00007ff880de0000 - 0x00007ff880ef9000 	C:\windows\System32\gdi32full.dll
0x00007ff880f00000 - 0x00007ff880f9a000 	C:\windows\System32\msvcp_win.dll
0x00007ff85e5c0000 - 0x00007ff85e853000 	C:\windows\WinSxS\amd64_microsoft.windows.common-controls_6595b64144ccf1df_6.0.22621.3527_none_270e469b73872a76\COMCTL32.dll
0x00007ff871540000 - 0x00007ff87154a000 	C:\windows\SYSTEM32\VERSION.dll
0x00007ff881970000 - 0x00007ff8819a1000 	C:\windows\System32\IMM32.DLL
0x00007ff845150000 - 0x00007ff84515c000 	C:\Program Files\Java\jdk-20\bin\vcruntime140_1.dll
0x00007ff826e80000 - 0x00007ff826f0e000 	C:\Program Files\Java\jdk-20\bin\msvcp140.dll
0x00007ff80d470000 - 0x00007ff80e108000 	C:\Program Files\Java\jdk-20\bin\server\jvm.dll
0x00007ff85a2b0000 - 0x00007ff85a2b9000 	C:\windows\SYSTEM32\WSOCK32.dll
0x00007ff882ec0000 - 0x00007ff882f31000 	C:\windows\System32\WS2_32.dll
0x00007ff874630000 - 0x00007ff874664000 	C:\windows\SYSTEM32\WINMM.dll
0x00007ff87fc00000 - 0x00007ff87fc18000 	C:\windows\SYSTEM32\kernel.appcore.dll
0x00007ff8450d0000 - 0x00007ff8450da000 	C:\Program Files\Java\jdk-20\bin\jimage.dll
0x00007ff87e5b0000 - 0x00007ff87e7e3000 	C:\windows\SYSTEM32\DBGHELP.DLL
0x00007ff883510000 - 0x00007ff883898000 	C:\windows\System32\combase.dll
0x00007ff8831e0000 - 0x00007ff8832b7000 	C:\windows\System32\OLEAUT32.dll
0x00007ff85a3e0000 - 0x00007ff85a412000 	C:\windows\SYSTEM32\dbgcore.DLL
0x00007ff880d60000 - 0x00007ff880dd9000 	C:\windows\System32\bcryptPrimitives.dll
0x00007ff8450e0000 - 0x00007ff845106000 	C:\Program Files\Java\jdk-20\bin\java.dll

dbghelp: loaded successfully - version: 4.0.5 - missing functions: none
symbol engine: initialized successfully - sym options: 0x614 - pdb path: .;C:\Program Files\Java\jdk-20\bin;C:\windows\SYSTEM32;C:\windows\WinSxS\amd64_microsoft.windows.common-controls_6595b64144ccf1df_6.0.22621.3527_none_270e469b73872a76;C:\Program Files\Java\jdk-20\bin\server

VM Arguments:
jvm_args: -Dfile.encoding=UTF-8 --module-path=C:\Users\HP\Documents\NetBeansProjects\TravelSphere\build\classes 
java_command: travelsphere.Home
java_class_path (initial): C:\Users\HP\Desktop\mysql-connector-java-8.0.28.jar;C:\Users\HP\Desktop\rs2xml.jar;C:\Users\HP\Desktop\openjfx-22_windows-x64_bin-sdk\javafx-sdk-22\lib\javafx-swt.jar;C:\Users\HP\Desktop\openjfx-22_windows-x64_bin-sdk\javafx-sdk-22\lib\javafx.base.jar;C:\Users\HP\Desktop\openjfx-22_windows-x64_bin-sdk\javafx-sdk-22\lib\javafx.controls.jar;C:\Users\HP\Desktop\openjfx-22_windows-x64_bin-sdk\javafx-sdk-22\lib\javafx.fxml.jar;C:\Users\HP\Desktop\openjfx-22_windows-x64_bin-sdk\javafx-sdk-22\lib\javafx.graphics.jar;C:\Users\HP\Desktop\openjfx-22_windows-x64_bin-sdk\javafx-sdk-22\lib\javafx.media.jar;C:\Users\HP\Desktop\openjfx-22_windows-x64_bin-sdk\javafx-sdk-22\lib\javafx.swing.jar;C:\Users\HP\Desktop\openjfx-22_windows-x64_bin-sdk\javafx-sdk-22\lib\javafx.web.jar;C:\Users\HP\Documents\NetBeansProjects\TravelSphere\build\classes
Launcher Type: SUN_STANDARD

[Global flags]
     intx CICompilerCount                          = 4                                         {product} {ergonomic}
     uint ConcGCThreads                            = 3                                         {product} {ergonomic}
     uint G1ConcRefinementThreads                  = 10                                        {product} {ergonomic}
   size_t G1HeapRegionSize                         = 2097152                                   {product} {ergonomic}
    uintx GCDrainStackTargetSize                   = 64                                        {product} {ergonomic}
   size_t InitialHeapSize                          = 264241152                                 {product} {ergonomic}
   size_t MarkStackSize                            = 4194304                                   {product} {ergonomic}
   size_t MaxHeapSize                              = 4208984064                                {product} {ergonomic}
   size_t MinHeapDeltaBytes                        = 2097152                                   {product} {ergonomic}
   size_t MinHeapSize                              = 8388608                                   {product} {ergonomic}
    uintx NonNMethodCodeHeapSize                   = 5839372                                {pd product} {ergonomic}
    uintx NonProfiledCodeHeapSize                  = 122909434                              {pd product} {ergonomic}
    uintx ProfiledCodeHeapSize                     = 122909434                              {pd product} {ergonomic}
    uintx ReservedCodeCacheSize                    = 251658240                              {pd product} {ergonomic}
     bool SegmentedCodeCache                       = true                                      {product} {ergonomic}
   size_t SoftMaxHeapSize                          = 4208984064                             {manageable} {ergonomic}
     bool UseCompressedClassPointers               = true                           {product lp64_product} {ergonomic}
     bool UseCompressedOops                        = true                           {product lp64_product} {ergonomic}
     bool UseG1GC                                  = true                                      {product} {ergonomic}
     bool UseLargePagesIndividualAllocation        = false                                  {pd product} {ergonomic}

Logging:
Log output configuration:
 #0: stdout all=warning uptime,level,tags foldmultilines=false
 #1: stderr all=off uptime,level,tags foldmultilines=false

Environment Variables:
PATH=C:\Program Files\Common Files\Oracle\Java\javapath;C:\windows\system32;C:\windows;C:\windows\System32\Wbem;C:\windows\System32\WindowsPowerShell\v1.0\;C:\windows\System32\OpenSSH\;C:\Program Files\Java\jdk-20\bin;C:\Program Files\Java\jdk-17\bin;C:\Users\HP\Desktop\cmake-3.29.2-windows-x86_64\cmake-3.29.2-windows-x86_64\bin;C:\Program Files\MySQL\MySQL Shell 8.0\bin\;C:\Users\HP\AppData\Local\Programs\Python\Python312\Scripts\;C:\Users\HP\AppData\Local\Programs\Python\Python312\;C:\Users\HP\AppData\Local\Programs\Python\Launcher\;C:\Users\HP\AppData\Local\Microsoft\WindowsApps;C:\Users\HP\AppData\Local\Programs\Microsoft VS Code\bin;C:\MinGW\bin;C:\Users\HP\Desktop\cmake-3.29.2-windows-x86_64\cmake-3.29.2-windows-x86_64\bin;
USERNAME=HP
OS=Windows_NT
PROCESSOR_IDENTIFIER=Intel64 Family 6 Model 154 Stepping 4, GenuineIntel
TMP=C:\Users\HP\AppData\Local\Temp
TEMP=C:\Users\HP\AppData\Local\Temp




---------------  S Y S T E M  ---------------

OS:
 Windows 11 , 64 bit Build 22621 (10.0.22621.3527)
OS uptime: 0 days 23:39 hours
Hyper-V role detected

CPU: total 12 (initial active 12) (6 cores per cpu, 2 threads per core) family 6 model 154 stepping 4 microcode 0x42c, cx8, cmov, fxsr, ht, mmx, 3dnowpref, sse, sse2, sse3, ssse3, sse4.1, sse4.2, popcnt, lzcnt, tsc, tscinvbit, avx, avx2, aes, erms, clmul, bmi1, bmi2, adx, sha, fma, vzeroupper, clflush, clflushopt, clwb, hv, serialize, rdtscp, rdpid, fsrm, f16c, cet_ibt, cet_ss

Memory: 4k page, system-wide physical 16052M (3780M free)
TotalPageFile size 53244M (AvailPageFile size 126M)
current process WorkingSet (physical memory assigned to process): 11M, peak: 11M
current process commit charge ("private bytes"): 64M, peak: 316M

vm_info: Java HotSpot(TM) 64-Bit Server VM (20.0.2+9-78) for windows-amd64 JRE (20.0.2+9-78), built on 2023-06-14T10:08:48Z by "mach5one" with MS VC++ 17.1 (VS2022)

END.
